<?xml version="1.0" encoding="UTF-8"?>
<testsuite xmlns:xsi="http://www.w3.org/2001/XMLSchema-instance" xsi:noNamespaceSchemaLocation="https://maven.apache.org/surefire/maven-surefire-plugin/xsd/surefire-test-report.xsd" name="com.hmk.crmdoem.CrmDoemApplicationTests" time="3.505" tests="1" errors="0" skipped="0" failures="0">
  <properties>
    <property name="sun.desktop" value="windows"/>
    <property name="awt.toolkit" value="sun.awt.windows.WToolkit"/>
    <property name="file.encoding.pkg" value="sun.io"/>
    <property name="java.specification.version" value="1.8"/>
    <property name="sun.cpu.isalist" value="amd64"/>
    <property name="sun.jnu.encoding" value="GBK"/>
    <property name="java.class.path" value="E:\xiangmu\demo1\demo\CRMDoem\target\test-classes;E:\xiangmu\demo1\demo\CRMDoem\target\classes;D:\mmm\apache-maven-3.6.1\repository\org\springframework\boot\spring-boot-starter-web\2.7.12\spring-boot-starter-web-2.7.12.jar;D:\mmm\apache-maven-3.6.1\repository\org\springframework\boot\spring-boot-starter\2.7.12\spring-boot-starter-2.7.12.jar;D:\mmm\apache-maven-3.6.1\repository\org\springframework\boot\spring-boot-starter-logging\2.7.12\spring-boot-starter-logging-2.7.12.jar;D:\mmm\apache-maven-3.6.1\repository\ch\qos\logback\logback-classic\1.2.12\logback-classic-1.2.12.jar;D:\mmm\apache-maven-3.6.1\repository\ch\qos\logback\logback-core\1.2.12\logback-core-1.2.12.jar;D:\mmm\apache-maven-3.6.1\repository\org\apache\logging\log4j\log4j-to-slf4j\2.17.2\log4j-to-slf4j-2.17.2.jar;D:\mmm\apache-maven-3.6.1\repository\org\apache\logging\log4j\log4j-api\2.17.2\log4j-api-2.17.2.jar;D:\mmm\apache-maven-3.6.1\repository\org\slf4j\jul-to-slf4j\1.7.36\jul-to-slf4j-1.7.36.jar;D:\mmm\apache-maven-3.6.1\repository\jakarta\annotation\jakarta.annotation-api\1.3.5\jakarta.annotation-api-1.3.5.jar;D:\mmm\apache-maven-3.6.1\repository\org\yaml\snakeyaml\1.30\snakeyaml-1.30.jar;D:\mmm\apache-maven-3.6.1\repository\org\springframework\boot\spring-boot-starter-json\2.7.12\spring-boot-starter-json-2.7.12.jar;D:\mmm\apache-maven-3.6.1\repository\com\fasterxml\jackson\datatype\jackson-datatype-jdk8\2.13.5\jackson-datatype-jdk8-2.13.5.jar;D:\mmm\apache-maven-3.6.1\repository\com\fasterxml\jackson\datatype\jackson-datatype-jsr310\2.13.5\jackson-datatype-jsr310-2.13.5.jar;D:\mmm\apache-maven-3.6.1\repository\com\fasterxml\jackson\module\jackson-module-parameter-names\2.13.5\jackson-module-parameter-names-2.13.5.jar;D:\mmm\apache-maven-3.6.1\repository\org\springframework\boot\spring-boot-starter-tomcat\2.7.12\spring-boot-starter-tomcat-2.7.12.jar;D:\mmm\apache-maven-3.6.1\repository\org\apache\tomcat\embed\tomcat-embed-core\9.0.75\tomcat-embed-core-9.0.75.jar;D:\mmm\apache-maven-3.6.1\repository\org\apache\tomcat\embed\tomcat-embed-el\9.0.75\tomcat-embed-el-9.0.75.jar;D:\mmm\apache-maven-3.6.1\repository\org\apache\tomcat\embed\tomcat-embed-websocket\9.0.75\tomcat-embed-websocket-9.0.75.jar;D:\mmm\apache-maven-3.6.1\repository\org\springframework\spring-web\5.3.27\spring-web-5.3.27.jar;D:\mmm\apache-maven-3.6.1\repository\org\springframework\spring-beans\5.3.27\spring-beans-5.3.27.jar;D:\mmm\apache-maven-3.6.1\repository\org\springframework\spring-webmvc\5.3.27\spring-webmvc-5.3.27.jar;D:\mmm\apache-maven-3.6.1\repository\org\springframework\spring-aop\5.3.27\spring-aop-5.3.27.jar;D:\mmm\apache-maven-3.6.1\repository\org\springframework\spring-context\5.3.27\spring-context-5.3.27.jar;D:\mmm\apache-maven-3.6.1\repository\org\springframework\spring-expression\5.3.27\spring-expression-5.3.27.jar;D:\mmm\apache-maven-3.6.1\repository\org\mybatis\spring\boot\mybatis-spring-boot-starter\2.3.1\mybatis-spring-boot-starter-2.3.1.jar;D:\mmm\apache-maven-3.6.1\repository\org\springframework\boot\spring-boot-starter-jdbc\2.7.12\spring-boot-starter-jdbc-2.7.12.jar;D:\mmm\apache-maven-3.6.1\repository\com\zaxxer\HikariCP\4.0.3\HikariCP-4.0.3.jar;D:\mmm\apache-maven-3.6.1\repository\org\springframework\spring-jdbc\5.3.27\spring-jdbc-5.3.27.jar;D:\mmm\apache-maven-3.6.1\repository\org\mybatis\spring\boot\mybatis-spring-boot-autoconfigure\2.3.1\mybatis-spring-boot-autoconfigure-2.3.1.jar;D:\mmm\apache-maven-3.6.1\repository\org\mybatis\mybatis\3.5.13\mybatis-3.5.13.jar;D:\mmm\apache-maven-3.6.1\repository\org\mybatis\mybatis-spring\2.1.1\mybatis-spring-2.1.1.jar;D:\mmm\apache-maven-3.6.1\repository\org\springframework\boot\spring-boot-devtools\2.7.12\spring-boot-devtools-2.7.12.jar;D:\mmm\apache-maven-3.6.1\repository\org\springframework\boot\spring-boot\2.7.12\spring-boot-2.7.12.jar;D:\mmm\apache-maven-3.6.1\repository\org\springframework\boot\spring-boot-autoconfigure\2.7.12\spring-boot-autoconfigure-2.7.12.jar;D:\mmm\apache-maven-3.6.1\repository\com\mysql\mysql-connector-j\8.0.33\mysql-connector-j-8.0.33.jar;D:\mmm\apache-maven-3.6.1\repository\org\projectlombok\lombok\1.18.26\lombok-1.18.26.jar;D:\mmm\apache-maven-3.6.1\repository\org\springframework\boot\spring-boot-starter-test\2.7.12\spring-boot-starter-test-2.7.12.jar;D:\mmm\apache-maven-3.6.1\repository\org\springframework\boot\spring-boot-test\2.7.12\spring-boot-test-2.7.12.jar;D:\mmm\apache-maven-3.6.1\repository\org\springframework\boot\spring-boot-test-autoconfigure\2.7.12\spring-boot-test-autoconfigure-2.7.12.jar;D:\mmm\apache-maven-3.6.1\repository\com\jayway\jsonpath\json-path\2.7.0\json-path-2.7.0.jar;D:\mmm\apache-maven-3.6.1\repository\net\minidev\json-smart\2.4.11\json-smart-2.4.11.jar;D:\mmm\apache-maven-3.6.1\repository\net\minidev\accessors-smart\2.4.11\accessors-smart-2.4.11.jar;D:\mmm\apache-maven-3.6.1\repository\org\ow2\asm\asm\9.3\asm-9.3.jar;D:\mmm\apache-maven-3.6.1\repository\org\slf4j\slf4j-api\1.7.36\slf4j-api-1.7.36.jar;D:\mmm\apache-maven-3.6.1\repository\jakarta\xml\bind\jakarta.xml.bind-api\2.3.3\jakarta.xml.bind-api-2.3.3.jar;D:\mmm\apache-maven-3.6.1\repository\jakarta\activation\jakarta.activation-api\1.2.2\jakarta.activation-api-1.2.2.jar;D:\mmm\apache-maven-3.6.1\repository\org\assertj\assertj-core\3.22.0\assertj-core-3.22.0.jar;D:\mmm\apache-maven-3.6.1\repository\org\hamcrest\hamcrest\2.2\hamcrest-2.2.jar;D:\mmm\apache-maven-3.6.1\repository\org\junit\jupiter\junit-jupiter\5.8.2\junit-jupiter-5.8.2.jar;D:\mmm\apache-maven-3.6.1\repository\org\junit\jupiter\junit-jupiter-api\5.8.2\junit-jupiter-api-5.8.2.jar;D:\mmm\apache-maven-3.6.1\repository\org\opentest4j\opentest4j\1.2.0\opentest4j-1.2.0.jar;D:\mmm\apache-maven-3.6.1\repository\org\junit\platform\junit-platform-commons\1.8.2\junit-platform-commons-1.8.2.jar;D:\mmm\apache-maven-3.6.1\repository\org\apiguardian\apiguardian-api\1.1.2\apiguardian-api-1.1.2.jar;D:\mmm\apache-maven-3.6.1\repository\org\junit\jupiter\junit-jupiter-params\5.8.2\junit-jupiter-params-5.8.2.jar;D:\mmm\apache-maven-3.6.1\repository\org\junit\jupiter\junit-jupiter-engine\5.8.2\junit-jupiter-engine-5.8.2.jar;D:\mmm\apache-maven-3.6.1\repository\org\junit\platform\junit-platform-engine\1.8.2\junit-platform-engine-1.8.2.jar;D:\mmm\apache-maven-3.6.1\repository\org\mockito\mockito-core\4.5.1\mockito-core-4.5.1.jar;D:\mmm\apache-maven-3.6.1\repository\net\bytebuddy\byte-buddy\1.12.23\byte-buddy-1.12.23.jar;D:\mmm\apache-maven-3.6.1\repository\net\bytebuddy\byte-buddy-agent\1.12.23\byte-buddy-agent-1.12.23.jar;D:\mmm\apache-maven-3.6.1\repository\org\objenesis\objenesis\3.2\objenesis-3.2.jar;D:\mmm\apache-maven-3.6.1\repository\org\mockito\mockito-junit-jupiter\4.5.1\mockito-junit-jupiter-4.5.1.jar;D:\mmm\apache-maven-3.6.1\repository\org\skyscreamer\jsonassert\1.5.1\jsonassert-1.5.1.jar;D:\mmm\apache-maven-3.6.1\repository\com\vaadin\external\google\android-json\0.0.20131108.vaadin1\android-json-0.0.20131108.vaadin1.jar;D:\mmm\apache-maven-3.6.1\repository\org\springframework\spring-core\5.3.27\spring-core-5.3.27.jar;D:\mmm\apache-maven-3.6.1\repository\org\springframework\spring-jcl\5.3.27\spring-jcl-5.3.27.jar;D:\mmm\apache-maven-3.6.1\repository\org\springframework\spring-test\5.3.27\spring-test-5.3.27.jar;D:\mmm\apache-maven-3.6.1\repository\org\xmlunit\xmlunit-core\2.9.1\xmlunit-core-2.9.1.jar;D:\mmm\apache-maven-3.6.1\repository\com\alibaba\fastjson\2.0.25\fastjson-2.0.25.jar;D:\mmm\apache-maven-3.6.1\repository\com\alibaba\fastjson2\fastjson2-extension\2.0.25\fastjson2-extension-2.0.25.jar;D:\mmm\apache-maven-3.6.1\repository\com\alibaba\fastjson2\fastjson2\2.0.25\fastjson2-2.0.25.jar;D:\mmm\apache-maven-3.6.1\repository\com\qiniu\qiniu-java-sdk\7.2.0\qiniu-java-sdk-7.2.0.jar;D:\mmm\apache-maven-3.6.1\repository\com\squareup\okhttp3\okhttp\4.9.3\okhttp-4.9.3.jar;D:\mmm\apache-maven-3.6.1\repository\com\squareup\okio\okio\2.8.0\okio-2.8.0.jar;D:\mmm\apache-maven-3.6.1\repository\org\jetbrains\kotlin\kotlin-stdlib-common\1.6.21\kotlin-stdlib-common-1.6.21.jar;D:\mmm\apache-maven-3.6.1\repository\org\jetbrains\kotlin\kotlin-stdlib\1.6.21\kotlin-stdlib-1.6.21.jar;D:\mmm\apache-maven-3.6.1\repository\org\jetbrains\annotations\13.0\annotations-13.0.jar;D:\mmm\apache-maven-3.6.1\repository\com\google\code\gson\gson\2.9.1\gson-2.9.1.jar;D:\mmm\apache-maven-3.6.1\repository\com\qiniu\happy-dns-java\0.1.4\happy-dns-java-0.1.4.jar;D:\mmm\apache-maven-3.6.1\repository\org\bouncycastle\bcprov-jdk15on\1.70\bcprov-jdk15on-1.70.jar;D:\mmm\apache-maven-3.6.1\repository\org\springframework\boot\spring-boot-starter-mail\2.7.12\spring-boot-starter-mail-2.7.12.jar;D:\mmm\apache-maven-3.6.1\repository\org\springframework\spring-context-support\5.3.27\spring-context-support-5.3.27.jar;D:\mmm\apache-maven-3.6.1\repository\com\sun\mail\jakarta.mail\1.6.7\jakarta.mail-1.6.7.jar;D:\mmm\apache-maven-3.6.1\repository\com\sun\activation\jakarta.activation\1.2.2\jakarta.activation-1.2.2.jar;D:\mmm\apache-maven-3.6.1\repository\org\springframework\boot\spring-boot-starter-thymeleaf\2.7.12\spring-boot-starter-thymeleaf-2.7.12.jar;D:\mmm\apache-maven-3.6.1\repository\org\thymeleaf\thymeleaf-spring5\3.0.15.RELEASE\thymeleaf-spring5-3.0.15.RELEASE.jar;D:\mmm\apache-maven-3.6.1\repository\org\thymeleaf\thymeleaf\3.0.15.RELEASE\thymeleaf-3.0.15.RELEASE.jar;D:\mmm\apache-maven-3.6.1\repository\org\attoparser\attoparser\2.0.5.RELEASE\attoparser-2.0.5.RELEASE.jar;D:\mmm\apache-maven-3.6.1\repository\org\unbescape\unbescape\1.1.6.RELEASE\unbescape-1.1.6.RELEASE.jar;D:\mmm\apache-maven-3.6.1\repository\org\thymeleaf\extras\thymeleaf-extras-java8time\3.0.4.RELEASE\thymeleaf-extras-java8time-3.0.4.RELEASE.jar;D:\mmm\apache-maven-3.6.1\repository\org\springframework\boot\spring-boot-starter-data-redis\2.7.12\spring-boot-starter-data-redis-2.7.12.jar;D:\mmm\apache-maven-3.6.1\repository\org\springframework\data\spring-data-redis\2.7.12\spring-data-redis-2.7.12.jar;D:\mmm\apache-maven-3.6.1\repository\org\springframework\data\spring-data-keyvalue\2.7.12\spring-data-keyvalue-2.7.12.jar;D:\mmm\apache-maven-3.6.1\repository\org\springframework\data\spring-data-commons\2.7.12\spring-data-commons-2.7.12.jar;D:\mmm\apache-maven-3.6.1\repository\org\springframework\spring-tx\5.3.27\spring-tx-5.3.27.jar;D:\mmm\apache-maven-3.6.1\repository\org\springframework\spring-oxm\5.3.27\spring-oxm-5.3.27.jar;D:\mmm\apache-maven-3.6.1\repository\io\lettuce\lettuce-core\6.1.10.RELEASE\lettuce-core-6.1.10.RELEASE.jar;D:\mmm\apache-maven-3.6.1\repository\io\netty\netty-common\4.1.92.Final\netty-common-4.1.92.Final.jar;D:\mmm\apache-maven-3.6.1\repository\io\netty\netty-handler\4.1.92.Final\netty-handler-4.1.92.Final.jar;D:\mmm\apache-maven-3.6.1\repository\io\netty\netty-resolver\4.1.92.Final\netty-resolver-4.1.92.Final.jar;D:\mmm\apache-maven-3.6.1\repository\io\netty\netty-buffer\4.1.92.Final\netty-buffer-4.1.92.Final.jar;D:\mmm\apache-maven-3.6.1\repository\io\netty\netty-transport-native-unix-common\4.1.92.Final\netty-transport-native-unix-common-4.1.92.Final.jar;D:\mmm\apache-maven-3.6.1\repository\io\netty\netty-codec\4.1.92.Final\netty-codec-4.1.92.Final.jar;D:\mmm\apache-maven-3.6.1\repository\io\netty\netty-transport\4.1.92.Final\netty-transport-4.1.92.Final.jar;D:\mmm\apache-maven-3.6.1\repository\io\projectreactor\reactor-core\3.4.29\reactor-core-3.4.29.jar;D:\mmm\apache-maven-3.6.1\repository\org\reactivestreams\reactive-streams\1.0.4\reactive-streams-1.0.4.jar;D:\mmm\apache-maven-3.6.1\repository\com\auth0\java-jwt\4.3.0\java-jwt-4.3.0.jar;D:\mmm\apache-maven-3.6.1\repository\com\fasterxml\jackson\core\jackson-databind\2.13.5\jackson-databind-2.13.5.jar;D:\mmm\apache-maven-3.6.1\repository\com\fasterxml\jackson\core\jackson-annotations\2.13.5\jackson-annotations-2.13.5.jar;D:\mmm\apache-maven-3.6.1\repository\com\fasterxml\jackson\core\jackson-core\2.13.5\jackson-core-2.13.5.jar;D:\mmm\apache-maven-3.6.1\repository\org\apache\commons\commons-lang3\3.9\commons-lang3-3.9.jar;D:\mmm\apache-maven-3.6.1\repository\io\jsonwebtoken\jjwt-api\0.10.7\jjwt-api-0.10.7.jar;D:\mmm\apache-maven-3.6.1\repository\io\jsonwebtoken\jjwt-impl\0.10.7\jjwt-impl-0.10.7.jar;D:\mmm\apache-maven-3.6.1\repository\io\jsonwebtoken\jjwt-jackson\0.10.7\jjwt-jackson-0.10.7.jar;D:\mmm\apache-maven-3.6.1\repository\commons-io\commons-io\2.11.0\commons-io-2.11.0.jar;"/>
    <property name="java.vm.vendor" value="Oracle Corporation"/>
    <property name="sun.arch.data.model" value="64"/>
    <property name="user.variant" value=""/>
    <property name="java.vendor.url" value="http://java.oracle.com/"/>
    <property name="user.timezone" value="Asia/Shanghai"/>
    <property name="java.vm.specification.version" value="1.8"/>
    <property name="os.name" value="Windows 10"/>
    <property name="user.country" value="CN"/>
    <property name="sun.java.launcher" value="SUN_STANDARD"/>
    <property name="sun.boot.library.path" value="C:\Program Files\Java\jdk1.8.0_131\jre\bin"/>
    <property name="sun.java.command" value="C:\Users\hmk\AppData\Local\Temp\surefire1864071519764648476\surefirebooter49594891901524586.jar C:\Users\hmk\AppData\Local\Temp\surefire1864071519764648476 2023-06-12T11-10-08_388-jvmRun1 surefire967677864106218843tmp surefire_05526234540674741087tmp"/>
    <property name="surefire.test.class.path" value="E:\xiangmu\demo1\demo\CRMDoem\target\test-classes;E:\xiangmu\demo1\demo\CRMDoem\target\classes;D:\mmm\apache-maven-3.6.1\repository\org\springframework\boot\spring-boot-starter-web\2.7.12\spring-boot-starter-web-2.7.12.jar;D:\mmm\apache-maven-3.6.1\repository\org\springframework\boot\spring-boot-starter\2.7.12\spring-boot-starter-2.7.12.jar;D:\mmm\apache-maven-3.6.1\repository\org\springframework\boot\spring-boot-starter-logging\2.7.12\spring-boot-starter-logging-2.7.12.jar;D:\mmm\apache-maven-3.6.1\repository\ch\qos\logback\logback-classic\1.2.12\logback-classic-1.2.12.jar;D:\mmm\apache-maven-3.6.1\repository\ch\qos\logback\logback-core\1.2.12\logback-core-1.2.12.jar;D:\mmm\apache-maven-3.6.1\repository\org\apache\logging\log4j\log4j-to-slf4j\2.17.2\log4j-to-slf4j-2.17.2.jar;D:\mmm\apache-maven-3.6.1\repository\org\apache\logging\log4j\log4j-api\2.17.2\log4j-api-2.17.2.jar;D:\mmm\apache-maven-3.6.1\repository\org\slf4j\jul-to-slf4j\1.7.36\jul-to-slf4j-1.7.36.jar;D:\mmm\apache-maven-3.6.1\repository\jakarta\annotation\jakarta.annotation-api\1.3.5\jakarta.annotation-api-1.3.5.jar;D:\mmm\apache-maven-3.6.1\repository\org\yaml\snakeyaml\1.30\snakeyaml-1.30.jar;D:\mmm\apache-maven-3.6.1\repository\org\springframework\boot\spring-boot-starter-json\2.7.12\spring-boot-starter-json-2.7.12.jar;D:\mmm\apache-maven-3.6.1\repository\com\fasterxml\jackson\datatype\jackson-datatype-jdk8\2.13.5\jackson-datatype-jdk8-2.13.5.jar;D:\mmm\apache-maven-3.6.1\repository\com\fasterxml\jackson\datatype\jackson-datatype-jsr310\2.13.5\jackson-datatype-jsr310-2.13.5.jar;D:\mmm\apache-maven-3.6.1\repository\com\fasterxml\jackson\module\jackson-module-parameter-names\2.13.5\jackson-module-parameter-names-2.13.5.jar;D:\mmm\apache-maven-3.6.1\repository\org\springframework\boot\spring-boot-starter-tomcat\2.7.12\spring-boot-starter-tomcat-2.7.12.jar;D:\mmm\apache-maven-3.6.1\repository\org\apache\tomcat\embed\tomcat-embed-core\9.0.75\tomcat-embed-core-9.0.75.jar;D:\mmm\apache-maven-3.6.1\repository\org\apache\tomcat\embed\tomcat-embed-el\9.0.75\tomcat-embed-el-9.0.75.jar;D:\mmm\apache-maven-3.6.1\repository\org\apache\tomcat\embed\tomcat-embed-websocket\9.0.75\tomcat-embed-websocket-9.0.75.jar;D:\mmm\apache-maven-3.6.1\repository\org\springframework\spring-web\5.3.27\spring-web-5.3.27.jar;D:\mmm\apache-maven-3.6.1\repository\org\springframework\spring-beans\5.3.27\spring-beans-5.3.27.jar;D:\mmm\apache-maven-3.6.1\repository\org\springframework\spring-webmvc\5.3.27\spring-webmvc-5.3.27.jar;D:\mmm\apache-maven-3.6.1\repository\org\springframework\spring-aop\5.3.27\spring-aop-5.3.27.jar;D:\mmm\apache-maven-3.6.1\repository\org\springframework\spring-context\5.3.27\spring-context-5.3.27.jar;D:\mmm\apache-maven-3.6.1\repository\org\springframework\spring-expression\5.3.27\spring-expression-5.3.27.jar;D:\mmm\apache-maven-3.6.1\repository\org\mybatis\spring\boot\mybatis-spring-boot-starter\2.3.1\mybatis-spring-boot-starter-2.3.1.jar;D:\mmm\apache-maven-3.6.1\repository\org\springframework\boot\spring-boot-starter-jdbc\2.7.12\spring-boot-starter-jdbc-2.7.12.jar;D:\mmm\apache-maven-3.6.1\repository\com\zaxxer\HikariCP\4.0.3\HikariCP-4.0.3.jar;D:\mmm\apache-maven-3.6.1\repository\org\springframework\spring-jdbc\5.3.27\spring-jdbc-5.3.27.jar;D:\mmm\apache-maven-3.6.1\repository\org\mybatis\spring\boot\mybatis-spring-boot-autoconfigure\2.3.1\mybatis-spring-boot-autoconfigure-2.3.1.jar;D:\mmm\apache-maven-3.6.1\repository\org\mybatis\mybatis\3.5.13\mybatis-3.5.13.jar;D:\mmm\apache-maven-3.6.1\repository\org\mybatis\mybatis-spring\2.1.1\mybatis-spring-2.1.1.jar;D:\mmm\apache-maven-3.6.1\repository\org\springframework\boot\spring-boot-devtools\2.7.12\spring-boot-devtools-2.7.12.jar;D:\mmm\apache-maven-3.6.1\repository\org\springframework\boot\spring-boot\2.7.12\spring-boot-2.7.12.jar;D:\mmm\apache-maven-3.6.1\repository\org\springframework\boot\spring-boot-autoconfigure\2.7.12\spring-boot-autoconfigure-2.7.12.jar;D:\mmm\apache-maven-3.6.1\repository\com\mysql\mysql-connector-j\8.0.33\mysql-connector-j-8.0.33.jar;D:\mmm\apache-maven-3.6.1\repository\org\projectlombok\lombok\1.18.26\lombok-1.18.26.jar;D:\mmm\apache-maven-3.6.1\repository\org\springframework\boot\spring-boot-starter-test\2.7.12\spring-boot-starter-test-2.7.12.jar;D:\mmm\apache-maven-3.6.1\repository\org\springframework\boot\spring-boot-test\2.7.12\spring-boot-test-2.7.12.jar;D:\mmm\apache-maven-3.6.1\repository\org\springframework\boot\spring-boot-test-autoconfigure\2.7.12\spring-boot-test-autoconfigure-2.7.12.jar;D:\mmm\apache-maven-3.6.1\repository\com\jayway\jsonpath\json-path\2.7.0\json-path-2.7.0.jar;D:\mmm\apache-maven-3.6.1\repository\net\minidev\json-smart\2.4.11\json-smart-2.4.11.jar;D:\mmm\apache-maven-3.6.1\repository\net\minidev\accessors-smart\2.4.11\accessors-smart-2.4.11.jar;D:\mmm\apache-maven-3.6.1\repository\org\ow2\asm\asm\9.3\asm-9.3.jar;D:\mmm\apache-maven-3.6.1\repository\org\slf4j\slf4j-api\1.7.36\slf4j-api-1.7.36.jar;D:\mmm\apache-maven-3.6.1\repository\jakarta\xml\bind\jakarta.xml.bind-api\2.3.3\jakarta.xml.bind-api-2.3.3.jar;D:\mmm\apache-maven-3.6.1\repository\jakarta\activation\jakarta.activation-api\1.2.2\jakarta.activation-api-1.2.2.jar;D:\mmm\apache-maven-3.6.1\repository\org\assertj\assertj-core\3.22.0\assertj-core-3.22.0.jar;D:\mmm\apache-maven-3.6.1\repository\org\hamcrest\hamcrest\2.2\hamcrest-2.2.jar;D:\mmm\apache-maven-3.6.1\repository\org\junit\jupiter\junit-jupiter\5.8.2\junit-jupiter-5.8.2.jar;D:\mmm\apache-maven-3.6.1\repository\org\junit\jupiter\junit-jupiter-api\5.8.2\junit-jupiter-api-5.8.2.jar;D:\mmm\apache-maven-3.6.1\repository\org\opentest4j\opentest4j\1.2.0\opentest4j-1.2.0.jar;D:\mmm\apache-maven-3.6.1\repository\org\junit\platform\junit-platform-commons\1.8.2\junit-platform-commons-1.8.2.jar;D:\mmm\apache-maven-3.6.1\repository\org\apiguardian\apiguardian-api\1.1.2\apiguardian-api-1.1.2.jar;D:\mmm\apache-maven-3.6.1\repository\org\junit\jupiter\junit-jupiter-params\5.8.2\junit-jupiter-params-5.8.2.jar;D:\mmm\apache-maven-3.6.1\repository\org\junit\jupiter\junit-jupiter-engine\5.8.2\junit-jupiter-engine-5.8.2.jar;D:\mmm\apache-maven-3.6.1\repository\org\junit\platform\junit-platform-engine\1.8.2\junit-platform-engine-1.8.2.jar;D:\mmm\apache-maven-3.6.1\repository\org\mockito\mockito-core\4.5.1\mockito-core-4.5.1.jar;D:\mmm\apache-maven-3.6.1\repository\net\bytebuddy\byte-buddy\1.12.23\byte-buddy-1.12.23.jar;D:\mmm\apache-maven-3.6.1\repository\net\bytebuddy\byte-buddy-agent\1.12.23\byte-buddy-agent-1.12.23.jar;D:\mmm\apache-maven-3.6.1\repository\org\objenesis\objenesis\3.2\objenesis-3.2.jar;D:\mmm\apache-maven-3.6.1\repository\org\mockito\mockito-junit-jupiter\4.5.1\mockito-junit-jupiter-4.5.1.jar;D:\mmm\apache-maven-3.6.1\repository\org\skyscreamer\jsonassert\1.5.1\jsonassert-1.5.1.jar;D:\mmm\apache-maven-3.6.1\repository\com\vaadin\external\google\android-json\0.0.20131108.vaadin1\android-json-0.0.20131108.vaadin1.jar;D:\mmm\apache-maven-3.6.1\repository\org\springframework\spring-core\5.3.27\spring-core-5.3.27.jar;D:\mmm\apache-maven-3.6.1\repository\org\springframework\spring-jcl\5.3.27\spring-jcl-5.3.27.jar;D:\mmm\apache-maven-3.6.1\repository\org\springframework\spring-test\5.3.27\spring-test-5.3.27.jar;D:\mmm\apache-maven-3.6.1\repository\org\xmlunit\xmlunit-core\2.9.1\xmlunit-core-2.9.1.jar;D:\mmm\apache-maven-3.6.1\repository\com\alibaba\fastjson\2.0.25\fastjson-2.0.25.jar;D:\mmm\apache-maven-3.6.1\repository\com\alibaba\fastjson2\fastjson2-extension\2.0.25\fastjson2-extension-2.0.25.jar;D:\mmm\apache-maven-3.6.1\repository\com\alibaba\fastjson2\fastjson2\2.0.25\fastjson2-2.0.25.jar;D:\mmm\apache-maven-3.6.1\repository\com\qiniu\qiniu-java-sdk\7.2.0\qiniu-java-sdk-7.2.0.jar;D:\mmm\apache-maven-3.6.1\repository\com\squareup\okhttp3\okhttp\4.9.3\okhttp-4.9.3.jar;D:\mmm\apache-maven-3.6.1\repository\com\squareup\okio\okio\2.8.0\okio-2.8.0.jar;D:\mmm\apache-maven-3.6.1\repository\org\jetbrains\kotlin\kotlin-stdlib-common\1.6.21\kotlin-stdlib-common-1.6.21.jar;D:\mmm\apache-maven-3.6.1\repository\org\jetbrains\kotlin\kotlin-stdlib\1.6.21\kotlin-stdlib-1.6.21.jar;D:\mmm\apache-maven-3.6.1\repository\org\jetbrains\annotations\13.0\annotations-13.0.jar;D:\mmm\apache-maven-3.6.1\repository\com\google\code\gson\gson\2.9.1\gson-2.9.1.jar;D:\mmm\apache-maven-3.6.1\repository\com\qiniu\happy-dns-java\0.1.4\happy-dns-java-0.1.4.jar;D:\mmm\apache-maven-3.6.1\repository\org\bouncycastle\bcprov-jdk15on\1.70\bcprov-jdk15on-1.70.jar;D:\mmm\apache-maven-3.6.1\repository\org\springframework\boot\spring-boot-starter-mail\2.7.12\spring-boot-starter-mail-2.7.12.jar;D:\mmm\apache-maven-3.6.1\repository\org\springframework\spring-context-support\5.3.27\spring-context-support-5.3.27.jar;D:\mmm\apache-maven-3.6.1\repository\com\sun\mail\jakarta.mail\1.6.7\jakarta.mail-1.6.7.jar;D:\mmm\apache-maven-3.6.1\repository\com\sun\activation\jakarta.activation\1.2.2\jakarta.activation-1.2.2.jar;D:\mmm\apache-maven-3.6.1\repository\org\springframework\boot\spring-boot-starter-thymeleaf\2.7.12\spring-boot-starter-thymeleaf-2.7.12.jar;D:\mmm\apache-maven-3.6.1\repository\org\thymeleaf\thymeleaf-spring5\3.0.15.RELEASE\thymeleaf-spring5-3.0.15.RELEASE.jar;D:\mmm\apache-maven-3.6.1\repository\org\thymeleaf\thymeleaf\3.0.15.RELEASE\thymeleaf-3.0.15.RELEASE.jar;D:\mmm\apache-maven-3.6.1\repository\org\attoparser\attoparser\2.0.5.RELEASE\attoparser-2.0.5.RELEASE.jar;D:\mmm\apache-maven-3.6.1\repository\org\unbescape\unbescape\1.1.6.RELEASE\unbescape-1.1.6.RELEASE.jar;D:\mmm\apache-maven-3.6.1\repository\org\thymeleaf\extras\thymeleaf-extras-java8time\3.0.4.RELEASE\thymeleaf-extras-java8time-3.0.4.RELEASE.jar;D:\mmm\apache-maven-3.6.1\repository\org\springframework\boot\spring-boot-starter-data-redis\2.7.12\spring-boot-starter-data-redis-2.7.12.jar;D:\mmm\apache-maven-3.6.1\repository\org\springframework\data\spring-data-redis\2.7.12\spring-data-redis-2.7.12.jar;D:\mmm\apache-maven-3.6.1\repository\org\springframework\data\spring-data-keyvalue\2.7.12\spring-data-keyvalue-2.7.12.jar;D:\mmm\apache-maven-3.6.1\repository\org\springframework\data\spring-data-commons\2.7.12\spring-data-commons-2.7.12.jar;D:\mmm\apache-maven-3.6.1\repository\org\springframework\spring-tx\5.3.27\spring-tx-5.3.27.jar;D:\mmm\apache-maven-3.6.1\repository\org\springframework\spring-oxm\5.3.27\spring-oxm-5.3.27.jar;D:\mmm\apache-maven-3.6.1\repository\io\lettuce\lettuce-core\6.1.10.RELEASE\lettuce-core-6.1.10.RELEASE.jar;D:\mmm\apache-maven-3.6.1\repository\io\netty\netty-common\4.1.92.Final\netty-common-4.1.92.Final.jar;D:\mmm\apache-maven-3.6.1\repository\io\netty\netty-handler\4.1.92.Final\netty-handler-4.1.92.Final.jar;D:\mmm\apache-maven-3.6.1\repository\io\netty\netty-resolver\4.1.92.Final\netty-resolver-4.1.92.Final.jar;D:\mmm\apache-maven-3.6.1\repository\io\netty\netty-buffer\4.1.92.Final\netty-buffer-4.1.92.Final.jar;D:\mmm\apache-maven-3.6.1\repository\io\netty\netty-transport-native-unix-common\4.1.92.Final\netty-transport-native-unix-common-4.1.92.Final.jar;D:\mmm\apache-maven-3.6.1\repository\io\netty\netty-codec\4.1.92.Final\netty-codec-4.1.92.Final.jar;D:\mmm\apache-maven-3.6.1\repository\io\netty\netty-transport\4.1.92.Final\netty-transport-4.1.92.Final.jar;D:\mmm\apache-maven-3.6.1\repository\io\projectreactor\reactor-core\3.4.29\reactor-core-3.4.29.jar;D:\mmm\apache-maven-3.6.1\repository\org\reactivestreams\reactive-streams\1.0.4\reactive-streams-1.0.4.jar;D:\mmm\apache-maven-3.6.1\repository\com\auth0\java-jwt\4.3.0\java-jwt-4.3.0.jar;D:\mmm\apache-maven-3.6.1\repository\com\fasterxml\jackson\core\jackson-databind\2.13.5\jackson-databind-2.13.5.jar;D:\mmm\apache-maven-3.6.1\repository\com\fasterxml\jackson\core\jackson-annotations\2.13.5\jackson-annotations-2.13.5.jar;D:\mmm\apache-maven-3.6.1\repository\com\fasterxml\jackson\core\jackson-core\2.13.5\jackson-core-2.13.5.jar;D:\mmm\apache-maven-3.6.1\repository\org\apache\commons\commons-lang3\3.9\commons-lang3-3.9.jar;D:\mmm\apache-maven-3.6.1\repository\io\jsonwebtoken\jjwt-api\0.10.7\jjwt-api-0.10.7.jar;D:\mmm\apache-maven-3.6.1\repository\io\jsonwebtoken\jjwt-impl\0.10.7\jjwt-impl-0.10.7.jar;D:\mmm\apache-maven-3.6.1\repository\io\jsonwebtoken\jjwt-jackson\0.10.7\jjwt-jackson-0.10.7.jar;D:\mmm\apache-maven-3.6.1\repository\commons-io\commons-io\2.11.0\commons-io-2.11.0.jar;"/>
    <property name="sun.cpu.endian" value="little"/>
    <property name="user.home" value="C:\Users\hmk"/>
    <property name="user.language" value="zh"/>
    <property name="java.specification.vendor" value="Oracle Corporation"/>
    <property name="java.home" value="C:\Program Files\Java\jdk1.8.0_131\jre"/>
    <property name="basedir" value="E:\xiangmu\demo1\demo\CRMDoem"/>
    <property name="file.separator" value="\"/>
    <property name="line.separator" value="&#10;"/>
    <property name="java.vm.specification.vendor" value="Oracle Corporation"/>
    <property name="java.specification.name" value="Java Platform API Specification"/>
    <property name="java.awt.graphicsenv" value="sun.awt.Win32GraphicsEnvironment"/>
    <property name="surefire.real.class.path" value="C:\Users\hmk\AppData\Local\Temp\surefire1864071519764648476\surefirebooter49594891901524586.jar"/>
    <property name="sun.boot.class.path" value="C:\Program Files\Java\jdk1.8.0_131\jre\lib\resources.jar;C:\Program Files\Java\jdk1.8.0_131\jre\lib\rt.jar;C:\Program Files\Java\jdk1.8.0_131\jre\lib\sunrsasign.jar;C:\Program Files\Java\jdk1.8.0_131\jre\lib\jsse.jar;C:\Program Files\Java\jdk1.8.0_131\jre\lib\jce.jar;C:\Program Files\Java\jdk1.8.0_131\jre\lib\charsets.jar;C:\Program Files\Java\jdk1.8.0_131\jre\lib\jfr.jar;C:\Program Files\Java\jdk1.8.0_131\jre\classes"/>
    <property name="user.script" value=""/>
    <property name="sun.management.compiler" value="HotSpot 64-Bit Tiered Compilers"/>
    <property name="java.runtime.version" value="1.8.0_131-b11"/>
    <property name="user.name" value="hmk"/>
    <property name="path.separator" value=";"/>
    <property name="os.version" value="10.0"/>
    <property name="java.endorsed.dirs" value="C:\Program Files\Java\jdk1.8.0_131\jre\lib\endorsed"/>
    <property name="java.runtime.name" value="Java(TM) SE Runtime Environment"/>
    <property name="file.encoding" value="GBK"/>
    <property name="java.vm.name" value="Java HotSpot(TM) 64-Bit Server VM"/>
    <property name="localRepository" value="D:\mmm\apache-maven-3.6.1\repository"/>
    <property name="java.vendor.url.bug" value="http://bugreport.sun.com/bugreport/"/>
    <property name="java.io.tmpdir" value="C:\Users\hmk\AppData\Local\Temp\"/>
    <property name="idea.version" value="2022.3.3"/>
    <property name="java.version" value="1.8.0_131"/>
    <property name="user.dir" value="E:\xiangmu\demo1\demo\CRMDoem"/>
    <property name="os.arch" value="amd64"/>
    <property name="java.vm.specification.name" value="Java Virtual Machine Specification"/>
    <property name="java.awt.printerjob" value="sun.awt.windows.WPrinterJob"/>
    <property name="sun.os.patch.level" value=""/>
    <property name="java.library.path" value="C:\Program Files\Java\jdk1.8.0_131\jre\bin;C:\Windows\Sun\Java\bin;C:\Windows\system32;C:\Windows;D:\app\hmk\virtual\product\12.2.0\dbhome_1\bin;C:\Program Files\Common Files\Oracle\Java\javapath;C:\Program Files (x86)\Common Files\Intel\Shared Libraries\redist\intel64\compiler;D:\vm\bin\;C:\ProgramData\Oracle\Java\javapath;C:\Windows\system32;C:\Windows;C:\Windows\System32\Wbem;C:\Windows\System32\WindowsPowerShell\v1.0\;C:\Windows\System32\OpenSSH\;C:\Program Files (x86)\NVIDIA Corporation\PhysX\Common;C:\Program Files\Bandizip\;C:\Program Files\Java\jdk1.8.0_131\bin;C:\Program Files\Java\jdk1.8.0_131\jre\bin;C:\Program Files\Microsoft SQL Server\110\Tools\Binn\;C:\Program Files\Go\bin;C:\Program Files\Git\cmd;C:\Program Files\NVIDIA Corporation\NVIDIA NvDLISR;E:\ff\ffmpeg\bin;C:\Program Files\nodejs\;D:\微信web开发者工具\dll;C:\Program Files\dotnet\;G:\chatgpt\ChatWaifuL2D\ffmpeg-n4.4-latest-win64-gpl-4.4\bin;D:\mmm\apache-maven-3.6.1\bin;G:\xshell\;G:\xftp\;G:\ai\ffmpeg\bin;C:\Program Files\Microsoft SQL Server\150\Tools\Binn\;C:\Users\hmk\AppData\Local\Programs\Python\Python39\Scripts\;C:\Users\hmk\AppData\Local\Programs\Python\Python39\;C:\Program Files\MySQL\MySQL Shell 8.0\bin\;C:\Users\hmk\AppData\Local\Programs\Python\Python310\Scripts\;C:\Users\hmk\AppData\Local\Programs\Python\Python310\;C:\Users\hmk\AppData\Local\Microsoft\WindowsApps;E:\Microsoft VS Code\bin;C:\Users\hmk\go\bin;E:\mingw64\bin;C:\Users\hmk\AppData\Roaming\npm;C:\Users\hmk\AppData\Local\JetBrains\Toolbox\scripts;G:\cpolar\;."/>
    <property name="java.vm.info" value="mixed mode"/>
    <property name="java.vendor" value="Oracle Corporation"/>
    <property name="java.vm.version" value="25.131-b11"/>
    <property name="java.ext.dirs" value="C:\Program Files\Java\jdk1.8.0_131\jre\lib\ext;C:\Windows\Sun\Java\lib\ext"/>
    <property name="sun.io.unicode.encoding" value="UnicodeLittle"/>
    <property name="maven.repo.local" value="D:\mmm\apache-maven-3.6.1\repository"/>
    <property name="java.class.version" value="52.0"/>
  </properties>
  <testcase name="contextLoads" classname="com.hmk.crmdoem.CrmDoemApplicationTests" time="0.165"/>
</testsuite>